<?xml version="1.0" encoding="UTF-8"?>
<!-- Generated by org.testng.reporters.JUnitXMLReporter -->
<testsuite ignored="1" hostname="DESKTOP-DBBOB58" failures="0" tests="2" name="SanityTestCases" time="0.01" errors="0" timestamp="2024-05-29T11:24:42 IST">
  <testcase classname="groups.LoginPage" name="testCase_Loginpage" time="0.002"/>
  <testcase classname="groups.LoginPage" name="testCase_Loginpagetwo" time="0.001"/>
  <testcase classname="groups.LoginPage" name="testCase_LoginpageThree" time="0.0">
    <ignored/>
  </testcase> <!-- testCase_LoginpageThree -->
</testsuite> <!-- SanityTestCases -->
