<?xml version="1.0" encoding="UTF-8"?>
<!-- Generated by org.testng.reporters.JUnitXMLReporter -->
<testsuite ignored="2" hostname="DESKTOP-DBBOB58" failures="0" tests="1" name="SmokeTestcases" time="0.057" errors="0" timestamp="2024-05-29T11:24:42 IST">
  <testcase classname="groups.SearchPage" name="testCase_Searchpage" time="0.013"/>
  <testcase classname="groups.SearchPage" name="testCase_SearchpageThree" time="0.0">
    <ignored/>
  </testcase> <!-- testCase_SearchpageThree -->
  <testcase classname="groups.SearchPage" name="testCase_Searchpagetwo" time="0.0">
    <ignored/>
  </testcase> <!-- testCase_Searchpagetwo -->
</testsuite> <!-- SmokeTestcases -->
