<?xml version="1.0" encoding="UTF-8"?>
<!-- Generated by org.testng.reporters.JUnitXMLReporter -->
<testsuite ignored="4" hostname="DESKTOP-DBBOB58" failures="0" tests="2" name="Test" time="0.071" errors="0" timestamp="2024-05-29T13:40:22 IST">
  <testcase classname="sub_category_groups.SearchPage" name="testCase_Searchpage" time="0.015"/>
  <testcase classname="sub_category_groups.LoginPage" name="testCase_Loginpage" time="0.002"/>
  <testcase classname="sub_category_groups.SearchPage" name="testCase_SearchpageThree" time="0.0">
    <ignored/>
  </testcase> <!-- testCase_SearchpageThree -->
  <testcase classname="sub_category_groups.LoginPage" name="testCase_Loginpagetwo" time="0.0">
    <ignored/>
  </testcase> <!-- testCase_Loginpagetwo -->
  <testcase classname="sub_category_groups.SearchPage" name="testCase_Searchpagetwo" time="0.0">
    <ignored/>
  </testcase> <!-- testCase_Searchpagetwo -->
  <testcase classname="sub_category_groups.LoginPage" name="testCase_LoginpageThree" time="0.0">
    <ignored/>
  </testcase> <!-- testCase_LoginpageThree -->
</testsuite> <!-- Test -->
